2015-06-14T14:39:20.754420+00:00 app[web.1]: Detected 512 MB available memory, 512 MB limit per process (WEB_MEMORY)
2015-06-14T14:39:21.872000+00:00 app[web.1]: Sun, 14 Jun 2015 14:39:21 GMT body-parser deprecated undefined extended: provide extended option at app.js:85:20
2015-06-14T14:39:21.946328+00:00 app[web.1]: Executing (default): SELECT i.relname AS name, ix.indisprimary AS primary, ix.indisunique AS unique, ix.indkey AS indkey, array_agg(a.attnum) as column_indexes, array_agg(a.attname) AS column_names, pg_get_indexdef(ix.indexrelid) AS definition FROM pg_class t, pg_class i, pg_index ix, pg_attribute a WHERE t.oid = ix.indrelid AND i.oid = ix.indexrelid AND a.attrelid = t.oid AND a.attnum = ANY(ix.indkey) AND t.relkind = 'r' and t.relname = 'Quizzes' GROUP BY i.relname, ix.indexrelid, ix.indisprimary, ix.indisunique, ix.indkey ORDER BY i.relname;
2015-06-14T14:39:21.938367+00:00 app[web.1]: Executing (default): CREATE TABLE IF NOT EXISTS "Quizzes" ("id"   SERIAL , "pregunta" VARCHAR(255), "respuesta" VARCHAR(255), "tematica" VARCHAR(255), "createdAt" TIMESTAMP WITH TIME ZONE NOT NULL, "updatedAt" TIMESTAMP WITH TIME ZONE NOT NULL, PRIMARY KEY ("id"));
2015-06-14T14:39:21.970039+00:00 app[web.1]: Executing (default): SELECT count(*) AS "count" FROM "Quizzes" AS "Quiz";
2015-06-14T14:39:22.323748+00:00 heroku[web.1]: State changed from starting to up
2015-06-14T14:39:23.275808+00:00 app[web.1]: Executing (default): SELECT "id", "pregunta", "respuesta", "tematica", "createdAt", "updatedAt" FROM "Quizzes" AS "Quiz" WHERE "Quiz"."id" = '6' LIMIT 1;
2015-06-14T14:39:23.287369+00:00 app[web.1]: Unhandled rejection ReferenceError: next is not defined
2015-06-14T14:39:23.287373+00:00 app[web.1]:     at gestionarError (/app/controllers/quiz_controller.js:6:3)
2015-06-14T14:39:23.287375+00:00 app[web.1]:     at tryCatcher (/app/node_modules/sequelize/node_modules/bluebird/js/main/util.js:24:31)
2015-06-14T14:39:23.287377+00:00 app[web.1]:     at Promise._settlePromiseFromHandler (/app/node_modules/sequelize/node_modules/bluebird/js/main/promise.js:454:31)
2015-06-14T14:39:23.287378+00:00 app[web.1]:     at Promise._settlePromiseAt (/app/node_modules/sequelize/node_modules/bluebird/js/main/promise.js:530:18)
2015-06-14T14:39:23.287380+00:00 app[web.1]:     at Promise._settlePromises (/app/node_modules/sequelize/node_modules/bluebird/js/main/promise.js:646:14)
2015-06-14T14:39:23.287381+00:00 app[web.1]:     at Async._drainQueue (/app/node_modules/sequelize/node_modules/bluebird/js/main/async.js:182:16)
2015-06-14T14:39:23.287383+00:00 app[web.1]:     at Async._drainQueues (/app/node_modules/sequelize/node_modules/bluebird/js/main/async.js:192:10)
2015-06-14T14:39:23.287384+00:00 app[web.1]:     at Immediate.Async.drainQueues [as _onImmediate] (/app/node_modules/sequelize/node_modules/bluebird/js/main/async.js:15:14)
2015-06-14T14:39:23.287386+00:00 app[web.1]:     at processImmediate [as _immediateCallback] (timers.js:358:17)
2015-06-14T14:39:47.448098+00:00 app[web.1]: Executing (default): SELECT "id", "pregunta", "respuesta", "tematica", "createdAt", "updatedAt" FROM "Quizzes" AS "Quiz" WHERE pregunta like '%';
2015-06-14T14:39:47.696336+00:00 app[web.1]: Unhandled rejection ReferenceError: next is not defined
2015-06-14T14:39:47.696342+00:00 app[web.1]:     at tryCatcher (/app/node_modules/sequelize/node_modules/bluebird/js/main/util.js:24:31)
2015-06-14T14:39:47.696340+00:00 app[web.1]:     at gestionarError (/app/controllers/quiz_controller.js:6:3)
2015-06-14T14:39:47.696345+00:00 app[web.1]:     at Promise._settlePromiseAt (/app/node_modules/sequelize/node_modules/bluebird/js/main/promise.js:530:18)
2015-06-14T14:39:47.696344+00:00 app[web.1]:     at Promise._settlePromiseFromHandler (/app/node_modules/sequelize/node_modules/bluebird/js/main/promise.js:454:31)
2015-06-14T14:39:47.696352+00:00 app[web.1]:     at Async._drainQueues (/app/node_modules/sequelize/node_modules/bluebird/js/main/async.js:192:10)
2015-06-14T14:39:47.696355+00:00 app[web.1]:     at processImmediate [as _immediateCallback] (timers.js:358:17)
2015-06-14T14:39:47.696350+00:00 app[web.1]:     at Async._drainQueue (/app/node_modules/sequelize/node_modules/bluebird/js/main/async.js:182:16)
2015-06-14T14:39:47.696349+00:00 app[web.1]:     at Promise._settlePromises (/app/node_modules/sequelize/node_modules/bluebird/js/main/promise.js:646:14)
2015-06-14T14:39:47.696353+00:00 app[web.1]:     at Immediate.Async.drainQueues [as _onImmediate] (/app/node_modules/sequelize/node_modules/bluebird/js/main/async.js:15:14)
2015-06-14T14:39:53.236060+00:00 app[web.1]: [0mGET /quizes/6/answer?respuesta=Berl%C3%ADn [32m- [0m- ms - -[0m
2015-06-14T14:39:53.236237+00:00 app[web.1]: [0mGET /quizes/6/answer?respuesta=Berl%C3%ADn [32m- [0m- ms - -[0m
2015-06-14T14:39:53.233213+00:00 heroku[router]: at=error code=H12 desc="Request timeout" method=GET path="/quizes/6/answer?respuesta=Berl%C3%ADn" host=quiz-490.herokuapp.com request_id=db1e8c1b-acb6-4209-be31-597a22fbeaa2 fwd="188.77.57.134" dyno=web.1 connect=1ms service=30000ms status=503 bytes=0
2015-06-14T14:40:16.950359+00:00 heroku[router]: at=error code=H12 desc="Request timeout" method=GET path="/quizes" host=quiz-490.herokuapp.com request_id=787cba8c-f595-4335-8495-10b78ffcaf69 fwd="188.77.57.134" dyno=web.1 connect=0ms service=30001ms status=503 bytes=0
2015-06-14T14:40:16.950985+00:00 app[web.1]: [0mGET /quizes [32m- [0m- ms - -[0m
2015-06-14T14:40:16.951057+00:00 app[web.1]: [0mGET /quizes [32m- [0m- ms - -[0m
2015-06-14T14:41:05.200864+00:00 heroku[router]: at=info method=GET path="/" host=quiz-490.herokuapp.com request_id=6b14373a-feea-44d3-956d-e3020c7f9394 fwd="188.77.57.134" dyno=web.1 connect=1ms service=24ms status=304 bytes=144
2015-06-14T14:41:05.543875+00:00 heroku[router]: at=info method=GET path="/stylesheets/smartphone.css" host=quiz-490.herokuapp.com request_id=ad76088c-e8cb-4f14-b988-31ffb55270e3 fwd="188.77.57.134" dyno=web.1 connect=1ms service=26ms status=200 bytes=526
2015-06-14T14:41:05.362044+00:00 heroku[router]: at=info method=GET path="/stylesheets/style.css" host=quiz-490.herokuapp.com request_id=27d90e6c-bba7-4e22-9c64-8934ec7d58ef fwd="188.77.57.134" dyno=web.1 connect=1ms service=13ms status=200 bytes=788
2015-06-14T14:41:05.201994+00:00 app[web.1]: [0mGET / [36m304 [0m23.341 ms - -[0m
2015-06-14T14:41:05.201999+00:00 app[web.1]: [0mGET / [36m304 [0m23.649 ms - -[0m
2015-06-14T14:41:05.361628+00:00 app[web.1]: [0mGET /stylesheets/style.css [32m200 [0m11.887 ms - 502[0m
2015-06-14T14:41:05.361639+00:00 app[web.1]: [0mGET /stylesheets/style.css [32m200 [0m12.036 ms - 502[0m
2015-06-14T14:41:05.467255+00:00 heroku[router]: at=info method=GET path="/stylesheets/wide.css" host=quiz-490.herokuapp.com request_id=3c7ef12b-bab3-4acc-a028-b8fe728ca17b fwd="188.77.57.134" dyno=web.1 connect=0ms service=12ms status=200 bytes=565
2015-06-14T14:41:05.469699+00:00 app[web.1]: [0mGET /stylesheets/wide.css [32m200 [0m13.597 ms - 279[0m
2015-06-14T14:41:05.469756+00:00 app[web.1]: [0mGET /stylesheets/wide.css [32m200 [0m13.721 ms - 279[0m
2015-06-14T14:41:05.542019+00:00 app[web.1]: [0mGET /stylesheets/smartphone.css [32m200 [0m12.680 ms - 241[0m
2015-06-14T14:41:05.542099+00:00 app[web.1]: [0mGET /stylesheets/smartphone.css [32m200 [0m12.802 ms - 241[0m
2015-06-14T14:41:08.357946+00:00 app[web.1]: Unhandled rejection ReferenceError: next is not defined
2015-06-14T14:41:08.357951+00:00 app[web.1]:     at gestionarError (/app/controllers/quiz_controller.js:6:3)
2015-06-14T14:41:08.357952+00:00 app[web.1]:     at tryCatcher (/app/node_modules/sequelize/node_modules/bluebird/js/main/util.js:24:31)
2015-06-14T14:41:08.357954+00:00 app[web.1]:     at Promise._settlePromiseFromHandler (/app/node_modules/sequelize/node_modules/bluebird/js/main/promise.js:454:31)
2015-06-14T14:41:08.357956+00:00 app[web.1]:     at Promise._settlePromiseAt (/app/node_modules/sequelize/node_modules/bluebird/js/main/promise.js:530:18)
2015-06-14T14:41:08.357957+00:00 app[web.1]:     at Promise._settlePromises (/app/node_modules/sequelize/node_modules/bluebird/js/main/promise.js:646:14)
2015-06-14T14:41:08.357959+00:00 app[web.1]:     at Async._drainQueue (/app/node_modules/sequelize/node_modules/bluebird/js/main/async.js:182:16)
2015-06-14T14:41:08.357960+00:00 app[web.1]:     at Async._drainQueues (/app/node_modules/sequelize/node_modules/bluebird/js/main/async.js:192:10)
2015-06-14T14:41:08.357962+00:00 app[web.1]:     at Immediate.Async.drainQueues [as _onImmediate] (/app/node_modules/sequelize/node_modules/bluebird/js/main/async.js:15:14)
2015-06-14T14:41:08.357963+00:00 app[web.1]:     at processImmediate [as _immediateCallback] (timers.js:358:17)
2015-06-14T14:41:08.354285+00:00 app[web.1]: Executing (default): SELECT "id", "pregunta", "respuesta", "tematica", "createdAt", "updatedAt" FROM "Quizzes" AS "Quiz" WHERE pregunta like '%';
2015-06-14T14:41:38.331321+00:00 app[web.1]: [0mGET /quizes [32m- [0m- ms - -[0m
2015-06-14T14:41:38.331566+00:00 app[web.1]: [0mGET /quizes [32m- [0m- ms - -[0m
2015-06-14T14:41:38.330407+00:00 heroku[router]: at=error code=H12 desc="Request timeout" method=GET path="/quizes" host=quiz-490.herokuapp.com request_id=306ee516-79a8-4e85-b4a3-3305cd433131 fwd="188.77.57.134" dyno=web.1 connect=1ms service=30001ms status=503 bytes=0
2015-06-14T14:41:43.665699+00:00 app[web.1]: Executing (default): SELECT "id", "pregunta", "respuesta", "tematica", "createdAt", "updatedAt" FROM "Quizzes" AS "Quiz" WHERE pregunta like '%';
2015-06-14T14:41:43.668845+00:00 app[web.1]: Unhandled rejection ReferenceError: next is not defined
2015-06-14T14:41:43.668849+00:00 app[web.1]:     at gestionarError (/app/controllers/quiz_controller.js:6:3)
2015-06-14T14:41:43.668851+00:00 app[web.1]:     at tryCatcher (/app/node_modules/sequelize/node_modules/bluebird/js/main/util.js:24:31)
2015-06-14T14:41:43.668853+00:00 app[web.1]:     at Promise._settlePromiseFromHandler (/app/node_modules/sequelize/node_modules/bluebird/js/main/promise.js:454:31)
2015-06-14T14:41:43.668855+00:00 app[web.1]:     at Promise._settlePromiseAt (/app/node_modules/sequelize/node_modules/bluebird/js/main/promise.js:530:18)
2015-06-14T14:41:43.668857+00:00 app[web.1]:     at Promise._settlePromises (/app/node_modules/sequelize/node_modules/bluebird/js/main/promise.js:646:14)
2015-06-14T14:41:43.668858+00:00 app[web.1]:     at Async._drainQueue (/app/node_modules/sequelize/node_modules/bluebird/js/main/async.js:182:16)
2015-06-14T14:41:43.668860+00:00 app[web.1]:     at Async._drainQueues (/app/node_modules/sequelize/node_modules/bluebird/js/main/async.js:192:10)
2015-06-14T14:41:43.668861+00:00 app[web.1]:     at Immediate.Async.drainQueues [as _onImmediate] (/app/node_modules/sequelize/node_modules/bluebird/js/main/async.js:15:14)
2015-06-14T14:41:43.668863+00:00 app[web.1]:     at processImmediate [as _immediateCallback] (timers.js:358:17)
2015-06-14T14:42:13.647607+00:00 heroku[router]: at=error code=H12 desc="Request timeout" method=GET path="/quizes" host=quiz-490.herokuapp.com request_id=16657376-9354-45c2-86cb-99b0e4036ac3 fwd="188.77.57.134" dyno=web.1 connect=1ms service=30001ms status=503 bytes=0
2015-06-14T14:42:13.649626+00:00 app[web.1]: [0mGET /quizes [32m- [0m- ms - -[0m
2015-06-14T14:42:13.649689+00:00 app[web.1]: [0mGET /quizes [32m- [0m- ms - -[0m
2015-06-14T14:42:14.764677+00:00 heroku[router]: at=info method=GET path="/favicon.ico" host=quiz-490.herokuapp.com request_id=f02cc83f-b638-4f48-a1be-5a13e184e40b fwd="188.77.57.134" dyno=web.1 connect=0ms service=5ms status=200 bytes=540
2015-06-14T14:44:02.570482+00:00 heroku[router]: at=info method=GET path="/stylesheets/style.css" host=quiz-490.herokuapp.com request_id=6466ffb8-cace-4d5f-8a58-e7c2abb30633 fwd="188.77.57.134" dyno=web.1 connect=0ms service=2ms status=304 bytes=236
2015-06-14T14:44:02.408387+00:00 heroku[router]: at=info method=GET path="/" host=quiz-490.herokuapp.com request_id=0695f804-71ba-40cf-8f2e-01f50752620d fwd="188.77.57.134" dyno=web.1 connect=5ms service=13ms status=304 bytes=144
2015-06-14T14:44:02.409579+00:00 app[web.1]: [0mGET / [36m304 [0m11.131 ms - -[0m
2015-06-14T14:44:02.572760+00:00 app[web.1]: [0mGET /stylesheets/style.css [36m304 [0m1.583 ms - -[0m
2015-06-14T14:44:02.572861+00:00 app[web.1]: [0mGET /stylesheets/style.css [36m304 [0m1.920 ms - -[0m
2015-06-14T14:44:02.409804+00:00 app[web.1]: [0mGET / [36m304 [0m11.333 ms - -[0m
2015-06-14T14:44:02.659450+00:00 heroku[router]: at=info method=GET path="/stylesheets/wide.css" host=quiz-490.herokuapp.com request_id=e26be0b5-b380-490a-bace-722c828d11fb fwd="188.77.57.134" dyno=web.1 connect=1ms service=2ms status=304 bytes=236
2015-06-14T14:44:02.747256+00:00 heroku[router]: at=info method=GET path="/stylesheets/smartphone.css" host=quiz-490.herokuapp.com request_id=a07f7133-17ea-491f-9335-2b7a2d8d07d1 fwd="188.77.57.134" dyno=web.1 connect=0ms service=3ms status=304 bytes=235
2015-06-14T14:44:02.661148+00:00 app[web.1]: [0mGET /stylesheets/wide.css [36m304 [0m0.991 ms - -[0m
2015-06-14T14:44:02.661236+00:00 app[web.1]: [0mGET /stylesheets/wide.css [36m304 [0m1.110 ms - -[0m
2015-06-14T14:44:02.748334+00:00 app[web.1]: [0mGET /stylesheets/smartphone.css [36m304 [0m1.048 ms - -[0m
2015-06-14T14:44:02.748475+00:00 app[web.1]: [0mGET /stylesheets/smartphone.css [36m304 [0m1.225 ms - -[0m
2015-06-14T14:44:08.812050+00:00 app[web.1]: Unhandled rejection ReferenceError: next is not defined
2015-06-14T14:44:08.812053+00:00 app[web.1]:     at gestionarError (/app/controllers/quiz_controller.js:6:3)
2015-06-14T14:44:08.812055+00:00 app[web.1]:     at tryCatcher (/app/node_modules/sequelize/node_modules/bluebird/js/main/util.js:24:31)
2015-06-14T14:44:08.812056+00:00 app[web.1]:     at Promise._settlePromiseFromHandler (/app/node_modules/sequelize/node_modules/bluebird/js/main/promise.js:454:31)
2015-06-14T14:44:08.812058+00:00 app[web.1]:     at Promise._settlePromiseAt (/app/node_modules/sequelize/node_modules/bluebird/js/main/promise.js:530:18)
2015-06-14T14:44:08.812060+00:00 app[web.1]:     at Promise._settlePromises (/app/node_modules/sequelize/node_modules/bluebird/js/main/promise.js:646:14)
2015-06-14T14:44:08.812061+00:00 app[web.1]:     at Async._drainQueue (/app/node_modules/sequelize/node_modules/bluebird/js/main/async.js:182:16)
2015-06-14T14:44:08.812063+00:00 app[web.1]:     at Async._drainQueues (/app/node_modules/sequelize/node_modules/bluebird/js/main/async.js:192:10)
2015-06-14T14:44:08.812064+00:00 app[web.1]:     at Immediate.Async.drainQueues [as _onImmediate] (/app/node_modules/sequelize/node_modules/bluebird/js/main/async.js:15:14)
2015-06-14T14:44:08.812066+00:00 app[web.1]:     at processImmediate [as _immediateCallback] (timers.js:358:17)
2015-06-14T14:44:08.808433+00:00 app[web.1]: Executing (default): SELECT "id", "pregunta", "respuesta", "tematica", "createdAt", "updatedAt" FROM "Quizzes" AS "Quiz" WHERE pregunta like '%';
2015-06-14T14:44:38.782181+00:00 heroku[router]: at=error code=H12 desc="Request timeout" method=GET path="/quizes" host=quiz-490.herokuapp.com request_id=33af2a8f-01dc-420f-b995-5354ff38dd8d fwd="188.77.57.134" dyno=web.1 connect=0ms service=30001ms status=503 bytes=0
2015-06-14T14:44:38.786488+00:00 app[web.1]: [0mGET /quizes [32m- [0m- ms - -[0m
2015-06-14T14:44:38.786562+00:00 app[web.1]: [0mGET /quizes [32m- [0m- ms - -[0m
